#
# A fatal error has been detected by the Java Runtime Environment:
#
#  SIGSEGV (0xb) at pc=0x0000000107f12824, pid=5742, tid=6147
#
# JRE version: OpenJDK Runtime Environment OpenLogic-OpenJDK (11.0.8+10) (build 11.0.8+10-adhoc.admin.jdk11u)
# Java VM: OpenJDK 64-Bit Server VM OpenLogic-OpenJDK (11.0.8+10-adhoc.admin.jdk11u, mixed mode, tiered, compressed oops, g1 gc, bsd-amd64)
# Problematic frame:
# V  [libjvm.dylib+0x712824]  EnableIf<HasDecorator<1097844ull, MO_UNORDERED>::value, oopDesc*>::type RawAccessBarrier<1097844ull>::load_internal<1097844ull, oopDesc*>(void*)+0x4
#
# No core dump will be written. Core dumps have been disabled. To enable core dumping, try "ulimit -c unlimited" before starting Java again
#
# If you would like to submit a bug report, please visit:
#   https://techsupport.roguewave.com/
#

---------------  S U M M A R Y ------------

Command Line: -Dfile.encoding=UTF-8 org.apache.catalina.startup.Tomcat$1

Host: MacBookPro16,3 x86_64 1400 MHz, 8 cores, 8G, Darwin 20.6.0
Time: Fri Jul 29 11:54:24 2022 EDT elapsed time: 0 seconds (0d 0h 0m 0s)

---------------  T H R E A D  ---------------

Current thread (0x00007fce2500a800):  JavaThread "main" [_thread_in_vm, id=6147, stack(0x000070000b914000,0x000070000ba14000)]

Stack: [0x000070000b914000,0x000070000ba14000],  sp=0x000070000ba13dd0,  free space=1023k
Native frames: (J=compiled Java code, A=aot compiled Java code, j=interpreted, Vv=VM code, C=native code)
V  [libjvm.dylib+0x712824]  EnableIf<HasDecorator<1097844ull, MO_UNORDERED>::value, oopDesc*>::type RawAccessBarrier<1097844ull>::load_internal<1097844ull, oopDesc*>(void*)+0x4
V  [libjvm.dylib+0x7127e9]  oopDesc* RawAccessBarrier<1097844ull>::oop_load<oopDesc*>(void*)+0x9
V  [libjvm.dylib+0x71285b]  oopDesc* G1BarrierSet::AccessBarrier<1097844ull, G1BarrierSet>::oop_load_not_in_heap<oopDesc*>(oopDesc**)+0xb
V  [libjvm.dylib+0x3e7174]  jni_GetStringUTFChars+0xe3
C  [libjli.dylib+0x70ed]  PostJVMInit+0xad
C  [libjli.dylib+0x4a09]  JavaMain+0xa50
C  [libsystem_pthread.dylib+0x68fc]  _pthread_start+0xe0
C  [libsystem_pthread.dylib+0x2443]  thread_start+0xf


siginfo: si_signo: 11 (SIGSEGV), si_code: 1 (SEGV_MAPERR), si_addr: 0x0000000000000000

Register to memory mapping:

RAX=0x0 is NULL
RBX=0x0 is NULL
RCX=0x00000001080f9901: _ZN16LogTagSetMappingILN6LogTag4typeE53ELS1_30ELS1_0ELS1_0ELS1_0ELS1_0EE7_tagsetE+0x39 in /Library/Java/JavaVirtualMachines/openlogic-openjdk-11.jdk/Contents/Home/lib/server/libjvm.dylib at 0x0000000107800000
RDX=0x0 is NULL
RSP=0x000070000ba13dd0 is pointing into the stack for thread: 0x00007fce2500a800
RBP=0x000070000ba13dd0 is pointing into the stack for thread: 0x00007fce2500a800
RSI=0x0 is NULL
RDI=0x0 is NULL
R8 ={method} {0x000000010b40a650} 'getCanonicalName' '()Ljava/lang/String;' in 'java/lang/Class'
R9 =0x00007fce23607800 points into unknown readable memory: 50 a6 40 0b 01 00 00 00
R10=0x0000000108155060: _ZN19TemplateInterpreter13_active_tableE+0x4800 in /Library/Java/JavaVirtualMachines/openlogic-openjdk-11.jdk/Contents/Home/lib/server/libjvm.dylib at 0x0000000107800000
R11=0x000000010b402f00 is pointing into metadata
R12=0x00007fce2500ab40 points into unknown readable memory: c8 99 0f 08 01 00 00 00
R13=0x0 is NULL
R14=0x00007fce2500a800 is a thread
R15=0x0 is NULL


Registers:
RAX=0x0000000000000000, RBX=0x0000000000000000, RCX=0x00000001080f9901, RDX=0x0000000000000000
RSP=0x000070000ba13dd0, RBP=0x000070000ba13dd0, RSI=0x0000000000000000, RDI=0x0000000000000000
R8 =0x000000010b40a650, R9 =0x00007fce23607800, R10=0x0000000108155060, R11=0x000000010b402f00
R12=0x00007fce2500ab40, R13=0x0000000000000000, R14=0x00007fce2500a800, R15=0x0000000000000000
RIP=0x0000000107f12824, EFLAGS=0x0000000000010246, ERR=0x0000000000000004
  TRAPNO=0x000000000000000e

Top of Stack: (sp=0x000070000ba13dd0)
0x000070000ba13dd0:   000070000ba13de0 0000000107f127e9
0x000070000ba13de0:   000070000ba13e00 0000000107f1285b
0x000070000ba13df0:   0000000000000000 0000000000000000
0x000070000ba13e00:   000070000ba13e90 0000000107be7174
0x000070000ba13e10:   000000010814a201 00007fce2500a800
0x000070000ba13e20:   000070000ba13e40 0000000107f0f7ee
0x000070000ba13e30:   000000010814a201 00007fce2500a800
0x000070000ba13e40:   0000000000000000 0000000107f0f784
0x000070000ba13e50:   0000000000000000 00007fce2500a800
0x000070000ba13e60:   000070000ba13e90 00007fce2500ab40
0x000070000ba13e70:   00007fce24808580 0000000000000000
0x000070000ba13e80:   0000000000000000 00007fce24808588
0x000070000ba13e90:   000070000ba13f20 00000001037590ed
0x000070000ba13ea0:   000000010814a201 00007fce2500a800
0x000070000ba13eb0:   000070000ba13ed0 0000000107f0f7ee
0x000070000ba13ec0:   000000010814a201 00007fce2500a800
0x000070000ba13ed0:   000070000ba13ef0 0000000107f0f784
0x000070000ba13ee0:   00007fce24807550 0000000000000000
0x000070000ba13ef0:   000070000ba13f20 82788d6155920040
0x000070000ba13f00:   00007fce2500ab40 00007fce24808580
0x000070000ba13f10:   00007fce24808598 00007fce24808588
0x000070000ba13f20:   000070000ba13fb0 0000000103756a09
0x000070000ba13f30:   0000000000000000 0005e4f3aa034bd0
0x000070000ba13f40:   0000000400010002 00007fce234060b0
0x000070000ba13f50:   0000000000000000 0000000000000000
0x000070000ba13f60:   00007fce23704468 0000000000000001
0x000070000ba13f70:   00007fce23704160 00007fce2500ab40
0x000070000ba13f80:   00000001080f99c0 000070000ba14000
0x000070000ba13f90:   0000000000000000 0000000000000000
0x000070000ba13fa0:   0000000000000000 0000000000000000
0x000070000ba13fb0:   000070000ba13fd0 00007fff206ec8fc
0x000070000ba13fc0:   0000000000000000 0000000000000000 

Instructions: (pc=0x0000000107f12824)
0x0000000107f12724:   c1 5d c3 48 8d 3d 33 f5 05 00 48 8d 15 57 f5 05
0x0000000107f12734:   00 be ef 00 00 00 31 c0 e8 34 fd b4 ff e8 78 1d
0x0000000107f12744:   ee ff 31 c0 5d c3 66 0f 1f 44 00 00 55 48 89 e5
0x0000000107f12754:   e8 67 fc ff ff 48 89 c7 e8 6f fc ff ff ff c8 83
0x0000000107f12764:   f8 03 73 0f 48 98 48 8d 0d 8f a3 1d 00 48 8b 04
0x0000000107f12774:   c1 5d c3 48 8d 3d e3 f4 05 00 48 8d 15 07 f5 05
0x0000000107f12784:   00 be ef 00 00 00 31 c0 e8 e4 fc b4 ff e8 28 1d
0x0000000107f12794:   ee ff 31 c0 5d c3 66 0f 1f 44 00 00 55 48 89 e5
0x0000000107f127a4:   5d e9 26 00 00 00 66 0f 1f 44 00 00 55 48 89 e5
0x0000000107f127b4:   5d e9 86 00 00 00 66 0f 1f 44 00 00 55 48 89 e5
0x0000000107f127c4:   5d e9 86 00 00 00 66 0f 1f 44 00 00 55 48 89 e5
0x0000000107f127d4:   5d e9 06 00 00 00 66 0f 1f 44 00 00 55 48 89 e5
0x0000000107f127e4:   e8 17 00 00 00 48 89 c7 5d e9 1e 00 00 00 66 66
0x0000000107f127f4:   66 66 66 2e 0f 1f 84 00 00 00 00 00 55 48 89 e5
0x0000000107f12804:   5d e9 16 00 00 00 66 0f 1f 44 00 00 55 48 89 e5
0x0000000107f12814:   5d e9 16 00 00 00 66 0f 1f 44 00 00 55 48 89 e5
0x0000000107f12824:   48 8b 07 5d c3 0f 1f 80 00 00 00 00 55 48 89 e5
0x0000000107f12834:   48 89 f8 5d c3 0f 1f 80 00 00 00 00 55 48 89 e5
0x0000000107f12844:   5d e9 96 ff ff ff 66 0f 1f 44 00 00 55 48 89 e5
0x0000000107f12854:   53 50 e8 25 00 00 00 48 89 c3 bf 74 c0 10 00 48
0x0000000107f12864:   89 de e8 75 fc ff ff 48 89 d8 48 83 c4 08 5b 5d
0x0000000107f12874:   c3 66 66 2e 0f 1f 84 00 00 00 00 00 55 48 89 e5
0x0000000107f12884:   5d e9 56 ff ff ff 66 0f 1f 44 00 00 55 48 89 e5
0x0000000107f12894:   5d e9 26 00 00 00 66 0f 1f 44 00 00 55 48 89 e5
0x0000000107f128a4:   5d e9 86 00 00 00 66 0f 1f 44 00 00 55 48 89 e5
0x0000000107f128b4:   5d e9 86 00 00 00 66 0f 1f 44 00 00 55 48 89 e5
0x0000000107f128c4:   5d e9 06 00 00 00 66 0f 1f 44 00 00 55 48 89 e5
0x0000000107f128d4:   e8 17 00 00 00 48 89 c7 5d e9 1e 00 00 00 66 66
0x0000000107f128e4:   66 66 66 2e 0f 1f 84 00 00 00 00 00 55 48 89 e5
0x0000000107f128f4:   5d e9 16 00 00 00 66 0f 1f 44 00 00 55 48 89 e5
0x0000000107f12904:   5d e9 16 00 00 00 66 0f 1f 44 00 00 55 48 89 e5
0x0000000107f12914:   48 8b 07 5d c3 0f 1f 80 00 00 00 00 55 48 89 e5 


Stack slot to memory mapping:
stack at sp + 0 slots: 0x000070000ba13de0 is pointing into the stack for thread: 0x00007fce2500a800
stack at sp + 1 slots: 0x0000000107f127e9: _ZN16RawAccessBarrierILy1097844EE8oop_loadIP7oopDescEET_Pv+0x9 in /Library/Java/JavaVirtualMachines/openlogic-openjdk-11.jdk/Contents/Home/lib/server/libjvm.dylib at 0x0000000107800000
stack at sp + 2 slots: 0x000070000ba13e00 is pointing into the stack for thread: 0x00007fce2500a800
stack at sp + 3 slots: 0x0000000107f1285b: _ZN12G1BarrierSet13AccessBarrierILy1097844ES_E20oop_load_not_in_heapIP7oopDescEES4_PT_+0xb in /Library/Java/JavaVirtualMachines/openlogic-openjdk-11.jdk/Contents/Home/lib/server/libjvm.dylib at 0x0000000107800000
stack at sp + 4 slots: 0x0 is NULL
stack at sp + 5 slots: 0x0 is NULL
stack at sp + 6 slots: 0x000070000ba13e90 is pointing into the stack for thread: 0x00007fce2500a800
stack at sp + 7 slots: 0x0000000107be7174: jni_GetStringUTFChars+0xe3 in /Library/Java/JavaVirtualMachines/openlogic-openjdk-11.jdk/Contents/Home/lib/server/libjvm.dylib at 0x0000000107800000


---------------  P R O C E S S  ---------------

Threads class SMR info:
_java_thread_list=0x00007fce24923d20, length=9, elements={
0x00007fce2500a800, 0x00007fce23814000, 0x00007fce27826800, 0x00007fce28809000,
0x00007fce2880c000, 0x00007fce28010800, 0x00007fce28825000, 0x00007fce24049000,
0x00007fce26080800
}

Java Threads: ( => current thread )
=>0x00007fce2500a800 JavaThread "main" [_thread_in_vm, id=6147, stack(0x000070000b914000,0x000070000ba14000)]
  0x00007fce23814000 JavaThread "Reference Handler" daemon [_thread_blocked, id=18179, stack(0x000070000c029000,0x000070000c129000)]
  0x00007fce27826800 JavaThread "Finalizer" daemon [_thread_blocked, id=13827, stack(0x000070000c12c000,0x000070000c22c000)]
  0x00007fce28809000 JavaThread "Signal Dispatcher" daemon [_thread_blocked, id=16131, stack(0x000070000c335000,0x000070000c435000)]
  0x00007fce2880c000 JavaThread "C2 CompilerThread0" daemon [_thread_blocked, id=22275, stack(0x000070000c438000,0x000070000c538000)]
  0x00007fce28010800 JavaThread "C1 CompilerThread0" daemon [_thread_blocked, id=42755, stack(0x000070000c53b000,0x000070000c63b000)]
  0x00007fce28825000 JavaThread "Sweeper thread" daemon [_thread_blocked, id=22531, stack(0x000070000c63e000,0x000070000c73e000)]
  0x00007fce24049000 JavaThread "Service Thread" daemon [_thread_blocked, id=23043, stack(0x000070000c741000,0x000070000c841000)]
  0x00007fce26080800 JavaThread "Common-Cleaner" daemon [_thread_blocked, id=41475, stack(0x000070000c947000,0x000070000ca47000)]

Other Threads:
  0x00007fce2400c000 VMThread "VM Thread" [stack: 0x000070000bf26000,0x000070000c026000] [id=18691]
  0x00007fce2581c800 WatcherThread [stack: 0x000070000c844000,0x000070000c944000] [id=23555]
  0x00007fce2500b800 GCTaskThread "GC Thread#0" [stack: 0x000070000ba17000,0x000070000bb17000] [id=11779]
  0x00007fce2503a000 ConcurrentGCThread "G1 Main Marker" [stack: 0x000070000bb1a000,0x000070000bc1a000] [id=12035]
  0x00007fce2600a800 ConcurrentGCThread "G1 Conc#0" [stack: 0x000070000bc1d000,0x000070000bd1d000] [id=20227]
  0x00007fce26068800 ConcurrentGCThread "G1 Refine#0" [stack: 0x000070000bd20000,0x000070000be20000] [id=12547]
  0x00007fce26069000 ConcurrentGCThread "G1 Young RemSet Sampling" [stack: 0x000070000be23000,0x000070000bf23000] [id=13059]

Threads with active compile tasks:

VM state:not at safepoint (normal execution)

VM Mutex/Monitor currently owned by a thread: None

Heap address: 0x0000000780000000, size: 2048 MB, Compressed Oops mode: Zero based, Oop shift amount: 3
Narrow klass base: 0x0000000800000000, Narrow klass shift: 0
Compressed class space size: 1073741824 Address: 0x0000000800000000

Heap:
 garbage-first heap   total 131072K, used 2048K [0x0000000780000000, 0x0000000800000000)
  region size 1024K, 3 young (3072K), 0 survivors (0K)
 Metaspace       used 5153K, capacity 5336K, committed 5632K, reserved 1056768K
  class space    used 450K, capacity 500K, committed 512K, reserved 1048576K
Heap Regions: E=young(eden), S=young(survivor), O=old, HS=humongous(starts), HC=humongous(continues), CS=collection set, F=free, A=archive, TAMS=top-at-mark-start (previous, next)
|   0|0x0000000780000000, 0x0000000780000000, 0x0000000780100000|  0%| F|  |TAMS 0x0000000780000000, 0x0000000780000000| Untracked 
|   1|0x0000000780100000, 0x0000000780100000, 0x0000000780200000|  0%| F|  |TAMS 0x0000000780100000, 0x0000000780100000| Untracked 
|   2|0x0000000780200000, 0x0000000780200000, 0x0000000780300000|  0%| F|  |TAMS 0x0000000780200000, 0x0000000780200000| Untracked 
|   3|0x0000000780300000, 0x0000000780300000, 0x0000000780400000|  0%| F|  |TAMS 0x0000000780300000, 0x0000000780300000| Untracked 
|   4|0x0000000780400000, 0x0000000780400000, 0x0000000780500000|  0%| F|  |TAMS 0x0000000780400000, 0x0000000780400000| Untracked 
|   5|0x0000000780500000, 0x0000000780500000, 0x0000000780600000|  0%| F|  |TAMS 0x0000000780500000, 0x0000000780500000| Untracked 
|   6|0x0000000780600000, 0x0000000780600000, 0x0000000780700000|  0%| F|  |TAMS 0x0000000780600000, 0x0000000780600000| Untracked 
|   7|0x0000000780700000, 0x0000000780700000, 0x0000000780800000|  0%| F|  |TAMS 0x0000000780700000, 0x0000000780700000| Untracked 
|   8|0x0000000780800000, 0x0000000780800000, 0x0000000780900000|  0%| F|  |TAMS 0x0000000780800000, 0x0000000780800000| Untracked 
|   9|0x0000000780900000, 0x0000000780900000, 0x0000000780a00000|  0%| F|  |TAMS 0x0000000780900000, 0x0000000780900000| Untracked 
|  10|0x0000000780a00000, 0x0000000780a00000, 0x0000000780b00000|  0%| F|  |TAMS 0x0000000780a00000, 0x0000000780a00000| Untracked 
|  11|0x0000000780b00000, 0x0000000780b00000, 0x0000000780c00000|  0%| F|  |TAMS 0x0000000780b00000, 0x0000000780b00000| Untracked 
|  12|0x0000000780c00000, 0x0000000780c00000, 0x0000000780d00000|  0%| F|  |TAMS 0x0000000780c00000, 0x0000000780c00000| Untracked 
|  13|0x0000000780d00000, 0x0000000780d00000, 0x0000000780e00000|  0%| F|  |TAMS 0x0000000780d00000, 0x0000000780d00000| Untracked 
|  14|0x0000000780e00000, 0x0000000780e00000, 0x0000000780f00000|  0%| F|  |TAMS 0x0000000780e00000, 0x0000000780e00000| Untracked 
|  15|0x0000000780f00000, 0x0000000780f00000, 0x0000000781000000|  0%| F|  |TAMS 0x0000000780f00000, 0x0000000780f00000| Untracked 
|  16|0x0000000781000000, 0x0000000781000000, 0x0000000781100000|  0%| F|  |TAMS 0x0000000781000000, 0x0000000781000000| Untracked 
|  17|0x0000000781100000, 0x0000000781100000, 0x0000000781200000|  0%| F|  |TAMS 0x0000000781100000, 0x0000000781100000| Untracked 
|  18|0x0000000781200000, 0x0000000781200000, 0x0000000781300000|  0%| F|  |TAMS 0x0000000781200000, 0x0000000781200000| Untracked 
|  19|0x0000000781300000, 0x0000000781300000, 0x0000000781400000|  0%| F|  |TAMS 0x0000000781300000, 0x0000000781300000| Untracked 
|  20|0x0000000781400000, 0x0000000781400000, 0x0000000781500000|  0%| F|  |TAMS 0x0000000781400000, 0x0000000781400000| Untracked 
|  21|0x0000000781500000, 0x0000000781500000, 0x0000000781600000|  0%| F|  |TAMS 0x0000000781500000, 0x0000000781500000| Untracked 
|  22|0x0000000781600000, 0x0000000781600000, 0x0000000781700000|  0%| F|  |TAMS 0x0000000781600000, 0x0000000781600000| Untracked 
|  23|0x0000000781700000, 0x0000000781700000, 0x0000000781800000|  0%| F|  |TAMS 0x0000000781700000, 0x0000000781700000| Untracked 
|  24|0x0000000781800000, 0x0000000781800000, 0x0000000781900000|  0%| F|  |TAMS 0x0000000781800000, 0x0000000781800000| Untracked 
|  25|0x0000000781900000, 0x0000000781900000, 0x0000000781a00000|  0%| F|  |TAMS 0x0000000781900000, 0x0000000781900000| Untracked 
|  26|0x0000000781a00000, 0x0000000781a00000, 0x0000000781b00000|  0%| F|  |TAMS 0x0000000781a00000, 0x0000000781a00000| Untracked 
|  27|0x0000000781b00000, 0x0000000781b00000, 0x0000000781c00000|  0%| F|  |TAMS 0x0000000781b00000, 0x0000000781b00000| Untracked 
|  28|0x0000000781c00000, 0x0000000781c00000, 0x0000000781d00000|  0%| F|  |TAMS 0x0000000781c00000, 0x0000000781c00000| Untracked 
|  29|0x0000000781d00000, 0x0000000781d00000, 0x0000000781e00000|  0%| F|  |TAMS 0x0000000781d00000, 0x0000000781d00000| Untracked 
|  30|0x0000000781e00000, 0x0000000781e00000, 0x0000000781f00000|  0%| F|  |TAMS 0x0000000781e00000, 0x0000000781e00000| Untracked 
|  31|0x0000000781f00000, 0x0000000781f00000, 0x0000000782000000|  0%| F|  |TAMS 0x0000000781f00000, 0x0000000781f00000| Untracked 
|  32|0x0000000782000000, 0x0000000782000000, 0x0000000782100000|  0%| F|  |TAMS 0x0000000782000000, 0x0000000782000000| Untracked 
|  33|0x0000000782100000, 0x0000000782100000, 0x0000000782200000|  0%| F|  |TAMS 0x0000000782100000, 0x0000000782100000| Untracked 
|  34|0x0000000782200000, 0x0000000782200000, 0x0000000782300000|  0%| F|  |TAMS 0x0000000782200000, 0x0000000782200000| Untracked 
|  35|0x0000000782300000, 0x0000000782300000, 0x0000000782400000|  0%| F|  |TAMS 0x0000000782300000, 0x0000000782300000| Untracked 
|  36|0x0000000782400000, 0x0000000782400000, 0x0000000782500000|  0%| F|  |TAMS 0x0000000782400000, 0x0000000782400000| Untracked 
|  37|0x0000000782500000, 0x0000000782500000, 0x0000000782600000|  0%| F|  |TAMS 0x0000000782500000, 0x0000000782500000| Untracked 
|  38|0x0000000782600000, 0x0000000782600000, 0x0000000782700000|  0%| F|  |TAMS 0x0000000782600000, 0x0000000782600000| Untracked 
|  39|0x0000000782700000, 0x0000000782700000, 0x0000000782800000|  0%| F|  |TAMS 0x0000000782700000, 0x0000000782700000| Untracked 
|  40|0x0000000782800000, 0x0000000782800000, 0x0000000782900000|  0%| F|  |TAMS 0x0000000782800000, 0x0000000782800000| Untracked 
|  41|0x0000000782900000, 0x0000000782900000, 0x0000000782a00000|  0%| F|  |TAMS 0x0000000782900000, 0x0000000782900000| Untracked 
|  42|0x0000000782a00000, 0x0000000782a00000, 0x0000000782b00000|  0%| F|  |TAMS 0x0000000782a00000, 0x0000000782a00000| Untracked 
|  43|0x0000000782b00000, 0x0000000782b00000, 0x0000000782c00000|  0%| F|  |TAMS 0x0000000782b00000, 0x0000000782b00000| Untracked 
|  44|0x0000000782c00000, 0x0000000782c00000, 0x0000000782d00000|  0%| F|  |TAMS 0x0000000782c00000, 0x0000000782c00000| Untracked 
|  45|0x0000000782d00000, 0x0000000782d00000, 0x0000000782e00000|  0%| F|  |TAMS 0x0000000782d00000, 0x0000000782d00000| Untracked 
|  46|0x0000000782e00000, 0x0000000782e00000, 0x0000000782f00000|  0%| F|  |TAMS 0x0000000782e00000, 0x0000000782e00000| Untracked 
|  47|0x0000000782f00000, 0x0000000782f00000, 0x0000000783000000|  0%| F|  |TAMS 0x0000000782f00000, 0x0000000782f00000| Untracked 
|  48|0x0000000783000000, 0x0000000783000000, 0x0000000783100000|  0%| F|  |TAMS 0x0000000783000000, 0x0000000783000000| Untracked 
|  49|0x0000000783100000, 0x0000000783100000, 0x0000000783200000|  0%| F|  |TAMS 0x0000000783100000, 0x0000000783100000| Untracked 
|  50|0x0000000783200000, 0x0000000783200000, 0x0000000783300000|  0%| F|  |TAMS 0x0000000783200000, 0x0000000783200000| Untracked 
|  51|0x0000000783300000, 0x0000000783300000, 0x0000000783400000|  0%| F|  |TAMS 0x0000000783300000, 0x0000000783300000| Untracked 
|  52|0x0000000783400000, 0x0000000783400000, 0x0000000783500000|  0%| F|  |TAMS 0x0000000783400000, 0x0000000783400000| Untracked 
|  53|0x0000000783500000, 0x0000000783500000, 0x0000000783600000|  0%| F|  |TAMS 0x0000000783500000, 0x0000000783500000| Untracked 
|  54|0x0000000783600000, 0x0000000783600000, 0x0000000783700000|  0%| F|  |TAMS 0x0000000783600000, 0x0000000783600000| Untracked 
|  55|0x0000000783700000, 0x0000000783700000, 0x0000000783800000|  0%| F|  |TAMS 0x0000000783700000, 0x0000000783700000| Untracked 
|  56|0x0000000783800000, 0x0000000783800000, 0x0000000783900000|  0%| F|  |TAMS 0x0000000783800000, 0x0000000783800000| Untracked 
|  57|0x0000000783900000, 0x0000000783900000, 0x0000000783a00000|  0%| F|  |TAMS 0x0000000783900000, 0x0000000783900000| Untracked 
|  58|0x0000000783a00000, 0x0000000783a00000, 0x0000000783b00000|  0%| F|  |TAMS 0x0000000783a00000, 0x0000000783a00000| Untracked 
|  59|0x0000000783b00000, 0x0000000783b00000, 0x0000000783c00000|  0%| F|  |TAMS 0x0000000783b00000, 0x0000000783b00000| Untracked 
|  60|0x0000000783c00000, 0x0000000783c00000, 0x0000000783d00000|  0%| F|  |TAMS 0x0000000783c00000, 0x0000000783c00000| Untracked 
|  61|0x0000000783d00000, 0x0000000783d00000, 0x0000000783e00000|  0%| F|  |TAMS 0x0000000783d00000, 0x0000000783d00000| Untracked 
|  62|0x0000000783e00000, 0x0000000783e00000, 0x0000000783f00000|  0%| F|  |TAMS 0x0000000783e00000, 0x0000000783e00000| Untracked 
|  63|0x0000000783f00000, 0x0000000783f00000, 0x0000000784000000|  0%| F|  |TAMS 0x0000000783f00000, 0x0000000783f00000| Untracked 
|  64|0x0000000784000000, 0x0000000784000000, 0x0000000784100000|  0%| F|  |TAMS 0x0000000784000000, 0x0000000784000000| Untracked 
|  65|0x0000000784100000, 0x0000000784100000, 0x0000000784200000|  0%| F|  |TAMS 0x0000000784100000, 0x0000000784100000| Untracked 
|  66|0x0000000784200000, 0x0000000784200000, 0x0000000784300000|  0%| F|  |TAMS 0x0000000784200000, 0x0000000784200000| Untracked 
|  67|0x0000000784300000, 0x0000000784300000, 0x0000000784400000|  0%| F|  |TAMS 0x0000000784300000, 0x0000000784300000| Untracked 
|  68|0x0000000784400000, 0x0000000784400000, 0x0000000784500000|  0%| F|  |TAMS 0x0000000784400000, 0x0000000784400000| Untracked 
|  69|0x0000000784500000, 0x0000000784500000, 0x0000000784600000|  0%| F|  |TAMS 0x0000000784500000, 0x0000000784500000| Untracked 
|  70|0x0000000784600000, 0x0000000784600000, 0x0000000784700000|  0%| F|  |TAMS 0x0000000784600000, 0x0000000784600000| Untracked 
|  71|0x0000000784700000, 0x0000000784700000, 0x0000000784800000|  0%| F|  |TAMS 0x0000000784700000, 0x0000000784700000| Untracked 
|  72|0x0000000784800000, 0x0000000784800000, 0x0000000784900000|  0%| F|  |TAMS 0x0000000784800000, 0x0000000784800000| Untracked 
|  73|0x0000000784900000, 0x0000000784900000, 0x0000000784a00000|  0%| F|  |TAMS 0x0000000784900000, 0x0000000784900000| Untracked 
|  74|0x0000000784a00000, 0x0000000784a00000, 0x0000000784b00000|  0%| F|  |TAMS 0x0000000784a00000, 0x0000000784a00000| Untracked 
|  75|0x0000000784b00000, 0x0000000784b00000, 0x0000000784c00000|  0%| F|  |TAMS 0x0000000784b00000, 0x0000000784b00000| Untracked 
|  76|0x0000000784c00000, 0x0000000784c00000, 0x0000000784d00000|  0%| F|  |TAMS 0x0000000784c00000, 0x0000000784c00000| Untracked 
|  77|0x0000000784d00000, 0x0000000784d00000, 0x0000000784e00000|  0%| F|  |TAMS 0x0000000784d00000, 0x0000000784d00000| Untracked 
|  78|0x0000000784e00000, 0x0000000784e00000, 0x0000000784f00000|  0%| F|  |TAMS 0x0000000784e00000, 0x0000000784e00000| Untracked 
|  79|0x0000000784f00000, 0x0000000784f00000, 0x0000000785000000|  0%| F|  |TAMS 0x0000000784f00000, 0x0000000784f00000| Untracked 
|  80|0x0000000785000000, 0x0000000785000000, 0x0000000785100000|  0%| F|  |TAMS 0x0000000785000000, 0x0000000785000000| Untracked 
|  81|0x0000000785100000, 0x0000000785100000, 0x0000000785200000|  0%| F|  |TAMS 0x0000000785100000, 0x0000000785100000| Untracked 
|  82|0x0000000785200000, 0x0000000785200000, 0x0000000785300000|  0%| F|  |TAMS 0x0000000785200000, 0x0000000785200000| Untracked 
|  83|0x0000000785300000, 0x0000000785300000, 0x0000000785400000|  0%| F|  |TAMS 0x0000000785300000, 0x0000000785300000| Untracked 
|  84|0x0000000785400000, 0x0000000785400000, 0x0000000785500000|  0%| F|  |TAMS 0x0000000785400000, 0x0000000785400000| Untracked 
|  85|0x0000000785500000, 0x0000000785500000, 0x0000000785600000|  0%| F|  |TAMS 0x0000000785500000, 0x0000000785500000| Untracked 
|  86|0x0000000785600000, 0x0000000785600000, 0x0000000785700000|  0%| F|  |TAMS 0x0000000785600000, 0x0000000785600000| Untracked 
|  87|0x0000000785700000, 0x0000000785700000, 0x0000000785800000|  0%| F|  |TAMS 0x0000000785700000, 0x0000000785700000| Untracked 
|  88|0x0000000785800000, 0x0000000785800000, 0x0000000785900000|  0%| F|  |TAMS 0x0000000785800000, 0x0000000785800000| Untracked 
|  89|0x0000000785900000, 0x0000000785900000, 0x0000000785a00000|  0%| F|  |TAMS 0x0000000785900000, 0x0000000785900000| Untracked 
|  90|0x0000000785a00000, 0x0000000785a00000, 0x0000000785b00000|  0%| F|  |TAMS 0x0000000785a00000, 0x0000000785a00000| Untracked 
|  91|0x0000000785b00000, 0x0000000785b00000, 0x0000000785c00000|  0%| F|  |TAMS 0x0000000785b00000, 0x0000000785b00000| Untracked 
|  92|0x0000000785c00000, 0x0000000785c00000, 0x0000000785d00000|  0%| F|  |TAMS 0x0000000785c00000, 0x0000000785c00000| Untracked 
|  93|0x0000000785d00000, 0x0000000785d00000, 0x0000000785e00000|  0%| F|  |TAMS 0x0000000785d00000, 0x0000000785d00000| Untracked 
|  94|0x0000000785e00000, 0x0000000785e00000, 0x0000000785f00000|  0%| F|  |TAMS 0x0000000785e00000, 0x0000000785e00000| Untracked 
|  95|0x0000000785f00000, 0x0000000785f00000, 0x0000000786000000|  0%| F|  |TAMS 0x0000000785f00000, 0x0000000785f00000| Untracked 
|  96|0x0000000786000000, 0x0000000786000000, 0x0000000786100000|  0%| F|  |TAMS 0x0000000786000000, 0x0000000786000000| Untracked 
|  97|0x0000000786100000, 0x0000000786100000, 0x0000000786200000|  0%| F|  |TAMS 0x0000000786100000, 0x0000000786100000| Untracked 
|  98|0x0000000786200000, 0x0000000786200000, 0x0000000786300000|  0%| F|  |TAMS 0x0000000786200000, 0x0000000786200000| Untracked 
|  99|0x0000000786300000, 0x0000000786300000, 0x0000000786400000|  0%| F|  |TAMS 0x0000000786300000, 0x0000000786300000| Untracked 
| 100|0x0000000786400000, 0x0000000786400000, 0x0000000786500000|  0%| F|  |TAMS 0x0000000786400000, 0x0000000786400000| Untracked 
| 101|0x0000000786500000, 0x0000000786500000, 0x0000000786600000|  0%| F|  |TAMS 0x0000000786500000, 0x0000000786500000| Untracked 
| 102|0x0000000786600000, 0x0000000786600000, 0x0000000786700000|  0%| F|  |TAMS 0x0000000786600000, 0x0000000786600000| Untracked 
| 103|0x0000000786700000, 0x0000000786700000, 0x0000000786800000|  0%| F|  |TAMS 0x0000000786700000, 0x0000000786700000| Untracked 
| 104|0x0000000786800000, 0x0000000786800000, 0x0000000786900000|  0%| F|  |TAMS 0x0000000786800000, 0x0000000786800000| Untracked 
| 105|0x0000000786900000, 0x0000000786900000, 0x0000000786a00000|  0%| F|  |TAMS 0x0000000786900000, 0x0000000786900000| Untracked 
| 106|0x0000000786a00000, 0x0000000786a00000, 0x0000000786b00000|  0%| F|  |TAMS 0x0000000786a00000, 0x0000000786a00000| Untracked 
| 107|0x0000000786b00000, 0x0000000786b00000, 0x0000000786c00000|  0%| F|  |TAMS 0x0000000786b00000, 0x0000000786b00000| Untracked 
| 108|0x0000000786c00000, 0x0000000786c00000, 0x0000000786d00000|  0%| F|  |TAMS 0x0000000786c00000, 0x0000000786c00000| Untracked 
| 109|0x0000000786d00000, 0x0000000786d00000, 0x0000000786e00000|  0%| F|  |TAMS 0x0000000786d00000, 0x0000000786d00000| Untracked 
| 110|0x0000000786e00000, 0x0000000786e00000, 0x0000000786f00000|  0%| F|  |TAMS 0x0000000786e00000, 0x0000000786e00000| Untracked 
| 111|0x0000000786f00000, 0x0000000786f00000, 0x0000000787000000|  0%| F|  |TAMS 0x0000000786f00000, 0x0000000786f00000| Untracked 
| 112|0x0000000787000000, 0x0000000787000000, 0x0000000787100000|  0%| F|  |TAMS 0x0000000787000000, 0x0000000787000000| Untracked 
| 113|0x0000000787100000, 0x0000000787100000, 0x0000000787200000|  0%| F|  |TAMS 0x0000000787100000, 0x0000000787100000| Untracked 
| 114|0x0000000787200000, 0x0000000787200000, 0x0000000787300000|  0%| F|  |TAMS 0x0000000787200000, 0x0000000787200000| Untracked 
| 115|0x0000000787300000, 0x0000000787300000, 0x0000000787400000|  0%| F|  |TAMS 0x0000000787300000, 0x0000000787300000| Untracked 
| 116|0x0000000787400000, 0x0000000787400000, 0x0000000787500000|  0%| F|  |TAMS 0x0000000787400000, 0x0000000787400000| Untracked 
| 117|0x0000000787500000, 0x0000000787500000, 0x0000000787600000|  0%| F|  |TAMS 0x0000000787500000, 0x0000000787500000| Untracked 
| 118|0x0000000787600000, 0x0000000787600000, 0x0000000787700000|  0%| F|  |TAMS 0x0000000787600000, 0x0000000787600000| Untracked 
| 119|0x0000000787700000, 0x0000000787700000, 0x0000000787800000|  0%| F|  |TAMS 0x0000000787700000, 0x0000000787700000| Untracked 
| 120|0x0000000787800000, 0x0000000787800000, 0x0000000787900000|  0%| F|  |TAMS 0x0000000787800000, 0x0000000787800000| Untracked 
| 121|0x0000000787900000, 0x0000000787900000, 0x0000000787a00000|  0%| F|  |TAMS 0x0000000787900000, 0x0000000787900000| Untracked 
| 122|0x0000000787a00000, 0x0000000787a00000, 0x0000000787b00000|  0%| F|  |TAMS 0x0000000787a00000, 0x0000000787a00000| Untracked 
| 123|0x0000000787b00000, 0x0000000787b00000, 0x0000000787c00000|  0%| F|  |TAMS 0x0000000787b00000, 0x0000000787b00000| Untracked 
| 124|0x0000000787c00000, 0x0000000787c00000, 0x0000000787d00000|  0%| F|  |TAMS 0x0000000787c00000, 0x0000000787c00000| Untracked 
| 125|0x0000000787d00000, 0x0000000787e00000, 0x0000000787e00000|100%| E|  |TAMS 0x0000000787d00000, 0x0000000787d00000| Complete 
| 126|0x0000000787e00000, 0x0000000787f00000, 0x0000000787f00000|100%| E|CS|TAMS 0x0000000787e00000, 0x0000000787e00000| Complete 
| 127|0x0000000787f00000, 0x0000000788000000, 0x0000000788000000|100%| E|CS|TAMS 0x0000000787f00000, 0x0000000787f00000| Complete 

Card table byte_map: [0x0000000108b73000,0x0000000108f73000] _byte_map_base: 0x0000000104f73000

Marking Bits (Prev, Next): (CMBitMap*) 0x00007fce25031218, (CMBitMap*) 0x00007fce25031250
 Prev Bits: [0x0000000109373000, 0x000000010b373000)
 Next Bits: [0x0000000124fd5000, 0x0000000126fd5000)

Polling page: 0x0000000103750000

Metaspace:

Usage:
  Non-class:      4.72 MB capacity,     4.59 MB ( 97%) used,   132.48 KB (  3%) free+waste,     1.31 KB ( <1%) overhead. 
      Class:    500.00 KB capacity,   450.97 KB ( 90%) used,    48.16 KB ( 10%) free+waste,   896 bytes ( <1%) overhead. 
       Both:      5.21 MB capacity,     5.03 MB ( 97%) used,   180.64 KB (  3%) free+waste,     2.19 KB ( <1%) overhead. 

Virtual space:
  Non-class space:        8.00 MB reserved,       5.00 MB ( 62%) committed 
      Class space:        1.00 GB reserved,     512.00 KB ( <1%) committed 
             Both:        1.01 GB reserved,       5.50 MB ( <1%) committed 

Chunk freelists:
   Non-Class:  60.00 KB
       Class:  12.00 KB
        Both:  72.00 KB

MaxMetaspaceSize: unlimited
CompressedClassSpaceSize: 1.00 GB

CodeHeap 'non-profiled nmethods': size=120032Kb used=41Kb max_used=41Kb free=119990Kb
 bounds [0x000000011da9d000, 0x000000011dd0d000, 0x0000000124fd5000]
CodeHeap 'profiled nmethods': size=120028Kb used=278Kb max_used=278Kb free=119749Kb
 bounds [0x0000000116566000, 0x00000001167d6000, 0x000000011da9d000]
CodeHeap 'non-nmethods': size=5700Kb used=1010Kb max_used=1022Kb free=4689Kb
 bounds [0x0000000115fd5000, 0x0000000116245000, 0x0000000116566000]
 total_blobs=486 nmethods=197 adapters=202
 compilation: enabled
              stopped_count=0, restarted_count=0
 full_count=0

Compilation events (20 events):
Event: 0.270 Thread 0x00007fce28010800 nmethod 186 0x00000001165a3810 code [0x00000001165a3a20, 0x00000001165a4060]
Event: 0.270 Thread 0x00007fce28010800  183   !   3       jdk.internal.loader.URLClassPath$JarLoader::getResource (65 bytes)
Event: 0.271 Thread 0x00007fce28010800 nmethod 183 0x00000001165a4210 code [0x00000001165a44e0, 0x00000001165a5360]
Event: 0.271 Thread 0x00007fce28010800  188       3       java.lang.ref.Reference::<init> (25 bytes)
Event: 0.272 Thread 0x00007fce28010800 nmethod 188 0x00000001165a5890 code [0x00000001165a5a60, 0x00000001165a5cd0]
Event: 0.274 Thread 0x00007fce28010800  190       3       jdk.internal.ref.CleanerImpl::getCleanerImpl (13 bytes)
Event: 0.275 Thread 0x00007fce2880c000 nmethod 187% 0x000000011daa6c10 code [0x000000011daa6da0, 0x000000011daa7018]
Event: 0.275 Thread 0x00007fce2880c000  189       4       java.lang.StringLatin1::indexOf (61 bytes)
Event: 0.275 Thread 0x00007fce28010800 nmethod 190 0x00000001165a5d90 code [0x00000001165a5f60, 0x00000001165a6220]
Event: 0.275 Thread 0x00007fce28010800  191       3       java.lang.ref.Cleaner$1::apply (9 bytes)
Event: 0.275 Thread 0x00007fce28010800 nmethod 191 0x00000001165a6310 code [0x00000001165a64e0, 0x00000001165a6750]
Event: 0.275 Thread 0x00007fce28010800  192       3       java.lang.StringCoding::encodeUTF8 (132 bytes)
Event: 0.276 Thread 0x00007fce28010800 nmethod 192 0x00000001165a6890 code [0x00000001165a6ae0, 0x00000001165a7500]
Event: 0.276 Thread 0x00007fce28010800  193       3       java.util.zip.ZipCoder$UTF8::getBytes (10 bytes)
Event: 0.276 Thread 0x00007fce28010800 nmethod 193 0x00000001165a7810 code [0x00000001165a79e0, 0x00000001165a7c80]
Event: 0.276 Thread 0x00007fce28010800  197  s!   3       jdk.internal.loader.URLClassPath::getLoader (194 bytes)
Event: 0.279 Thread 0x00007fce28010800 nmethod 197 0x00000001165a7e10 code [0x00000001165a81e0, 0x00000001165aa060]
Event: 0.279 Thread 0x00007fce28010800  194       3       java.lang.System$2::getBytesUTF8NoRepl (5 bytes)
Event: 0.279 Thread 0x00007fce28010800 nmethod 194 0x00000001165aac90 code [0x00000001165aae60, 0x00000001165ab0a0]
Event: 0.279 Thread 0x00007fce28010800  195       3       java.lang.StringCoding::getBytesUTF8NoRepl (13 bytes)

GC Heap History (0 events):
No events

Deoptimization events (4 events):
Event: 0.162 Thread 0x00007fce2500a800 Uncommon trap: trap_request=0xffffff4d fr.pc=0x000000011daa1c18 relative=0x00000000000001f8
Event: 0.162 Thread 0x00007fce2500a800 Uncommon trap: reason=unstable_if action=reinterpret pc=0x000000011daa1c18 method=java.lang.String.hashCode()I @ 14 c2
Event: 0.162 Thread 0x00007fce2500a800 DEOPT PACKING pc=0x000000011daa1c18 sp=0x000070000ba124a0
Event: 0.162 Thread 0x00007fce2500a800 DEOPT UNPACKING pc=0x0000000115ffb7a5 sp=0x000070000ba12458 mode 2

Classes redefined (0 events):
No events

Internal exceptions (0 events):
No events

Events (20 events):
Event: 0.266 loading class org/apache/tomcat/ContextBind
Event: 0.266 loading class org/apache/tomcat/ContextBind done
Event: 0.267 loading class org/apache/tomcat/util/descriptor/web/SecurityConstraint
Event: 0.267 loading class org/apache/tomcat/util/descriptor/web/SecurityConstraint done
Event: 0.270 loading class org/apache/tomcat/util/descriptor/web/XmlEncodingBase
Event: 0.270 loading class org/apache/tomcat/util/descriptor/web/XmlEncodingBase done
Event: 0.272 loading class org/apache/catalina/connector/Response
Event: 0.272 loading class org/apache/catalina/connector/Response done
Event: 0.274 loading class javax/servlet/http/HttpServletResponse
Event: 0.274 loading class javax/servlet/http/HttpServletResponse done
Event: 0.275 loading class javax/servlet/ServletResponse
Event: 0.275 loading class javax/servlet/ServletResponse done
Event: 0.276 loading class org/apache/catalina/Wrapper
Event: 0.276 loading class org/apache/catalina/Wrapper done
Event: 0.276 loading class java/lang/PublicMethods$Key
Event: 0.277 loading class java/lang/PublicMethods$Key done
Event: 0.277 loading class org/apache/catalina/startup/Tomcat
Event: 0.277 loading class org/apache/catalina/startup/Tomcat done
Event: 0.279 loading class java/lang/Class$EnclosingMethodInfo
Event: 0.279 loading class java/lang/Class$EnclosingMethodInfo done


Dynamic libraries:
0x00007fff35234000 	/System/Library/Frameworks/Cocoa.framework/Versions/A/Cocoa
0x00007fff2257c000 	/System/Library/Frameworks/Security.framework/Versions/A/Security
0x00007fff3343c000 	/System/Library/Frameworks/ApplicationServices.framework/Versions/A/ApplicationServices
0x00007fff2a7ff000 	/usr/lib/libz.1.dylib
0x0000000103752000 	/Library/Java/JavaVirtualMachines/openlogic-openjdk-11.jdk/Contents/Home/lib/jli/libjli.dylib
0x00007fff2a8c7000 	/usr/lib/libSystem.B.dylib
0x00007fff22fad000 	/System/Library/Frameworks/AppKit.framework/Versions/C/AppKit
0x00007fff25e72000 	/System/Library/Frameworks/CoreData.framework/Versions/A/CoreData
0x00007fff21514000 	/System/Library/Frameworks/Foundation.framework/Versions/C/Foundation
0x00007fff23cf9000 	/System/Library/PrivateFrameworks/UIFoundation.framework/Versions/A/UIFoundation
0x00007fff2fef6000 	/System/Library/PrivateFrameworks/RemoteViewServices.framework/Versions/A/RemoteViewServices
0x00007fff28d0b000 	/System/Library/PrivateFrameworks/XCTTargetBootstrap.framework/Versions/A/XCTTargetBootstrap
0x00007fff2b9f2000 	/usr/lib/libspindump.dylib
0x00007fff23f48000 	/System/Library/Frameworks/UniformTypeIdentifiers.framework/Versions/A/UniformTypeIdentifiers
0x00007fff2750f000 	/usr/lib/libapp_launch_measurement.dylib
0x00007fff27512000 	/System/Library/PrivateFrameworks/CoreAutoLayout.framework/Versions/A/CoreAutoLayout
0x00007fff28672000 	/System/Library/Frameworks/Metal.framework/Versions/A/Metal
0x00007fff29368000 	/usr/lib/liblangid.dylib
0x00007fff28d0f000 	/System/Library/PrivateFrameworks/CoreSVG.framework/Versions/A/CoreSVG
0x00007fff24f88000 	/System/Library/PrivateFrameworks/SkyLight.framework/Versions/A/SkyLight
0x00007fff252ee000 	/System/Library/Frameworks/CoreGraphics.framework/Versions/A/CoreGraphics
0x00007fff3041d000 	/System/Library/Frameworks/Accelerate.framework/Versions/A/Accelerate
0x00007fff2b430000 	/System/Library/PrivateFrameworks/IconServices.framework/Versions/A/IconServices
0x00007fff28656000 	/System/Library/Frameworks/IOSurface.framework/Versions/A/IOSurface
0x00007fff267fa000 	/usr/lib/libDiagnosticMessagesClient.dylib
0x00007fff28cf7000 	/System/Library/PrivateFrameworks/DFRFoundation.framework/Versions/A/DFRFoundation
0x00007fff228d4000 	/usr/lib/libicucore.A.dylib
0x00007fff2cf35000 	/System/Library/Frameworks/AudioToolbox.framework/Versions/A/AudioToolbox
0x00007fff2c1bd000 	/System/Library/PrivateFrameworks/DataDetectorsCore.framework/Versions/A/DataDetectorsCore
0x00007fff24efb000 	/usr/lib/libMobileGestalt.dylib
0x00007fff289fb000 	/System/Library/Frameworks/Carbon.framework/Versions/A/Frameworks/HIToolbox.framework/Versions/A/HIToolbox
0x00007fff26f54000 	/System/Library/Frameworks/QuartzCore.framework/Versions/A/QuartzCore
0x00007fff2ff2e000 	/System/Library/Frameworks/Carbon.framework/Versions/A/Frameworks/SpeechRecognition.framework/Versions/A/SpeechRecognition
0x00007fff27274000 	/System/Library/PrivateFrameworks/CoreUI.framework/Versions/A/CoreUI
0x00007fff21eea000 	/System/Library/Frameworks/CoreAudio.framework/Versions/A/CoreAudio
0x00007fff268e5000 	/System/Library/Frameworks/DiskArbitration.framework/Versions/A/DiskArbitration
0x00007fff2bdc0000 	/System/Library/PrivateFrameworks/MultitouchSupport.framework/Versions/A/MultitouchSupport
0x00007fff2c1b4000 	/System/Library/PrivateFrameworks/InternationalSupport.framework/Versions/A/InternationalSupport
0x00007fff24efa000 	/usr/lib/libenergytrace.dylib
0x00007fff22ea4000 	/System/Library/Frameworks/IOKit.framework/Versions/A/IOKit
0x00007fff30261000 	/System/Library/Frameworks/CoreServices.framework/Versions/A/CoreServices
0x00007fff274a1000 	/System/Library/PrivateFrameworks/PerformanceAnalysis.framework/Versions/A/PerformanceAnalysis
0x00007fff6bbd8000 	/System/Library/Frameworks/OpenGL.framework/Versions/A/OpenGL
0x00007fff2c238000 	/System/Library/PrivateFrameworks/UserActivity.framework/Versions/A/UserActivity
0x00007fff20584000 	/usr/lib/libobjc.A.dylib
0x00007fff25978000 	/System/Library/Frameworks/ColorSync.framework/Versions/A/ColorSync
0x00007fff20764000 	/System/Library/Frameworks/CoreFoundation.framework/Versions/A/CoreFoundation
0x00007fff28f76000 	/System/Library/Frameworks/CoreImage.framework/Versions/A/CoreImage
0x00007fff21d04000 	/System/Library/Frameworks/CoreText.framework/Versions/A/CoreText
0x00007fff28d39000 	/System/Library/Frameworks/ImageIO.framework/Versions/A/ImageIO
0x00007fff2a8cd000 	/System/Library/PrivateFrameworks/SoftLinking.framework/Versions/A/SoftLinking
0x00007fff2755a000 	/usr/lib/libxml2.2.dylib
0x00007fff2064a000 	/usr/lib/libc++.1.dylib
0x00007fff2ab3e000 	/usr/lib/libcompression.dylib
0x00007fff2c0e6000 	/System/Library/PrivateFrameworks/TextureIO.framework/Versions/A/TextureIO
0x00007fff2b16e000 	/usr/lib/libate.dylib
0x00007fff2a8c1000 	/usr/lib/system/libcache.dylib
0x00007fff2a87d000 	/usr/lib/system/libcommonCrypto.dylib
0x00007fff2a8a7000 	/usr/lib/system/libcompiler_rt.dylib
0x00007fff2a89c000 	/usr/lib/system/libcopyfile.dylib
0x00007fff20474000 	/usr/lib/system/libcorecrypto.dylib
0x00007fff2053f000 	/usr/lib/system/libdispatch.dylib
0x00007fff206f2000 	/usr/lib/system/libdyld.dylib
0x00007fff2a8b8000 	/usr/lib/system/libkeymgr.dylib
0x00007fff2dccc000 	/usr/lib/system/liblaunch.dylib
0x00007fff2a85b000 	/usr/lib/system/libmacho.dylib
0x00007fff2a053000 	/usr/lib/system/libquarantine.dylib
0x00007fff2a8b5000 	/usr/lib/system/libremovefile.dylib
0x00007fff24f58000 	/usr/lib/system/libsystem_asl.dylib
0x00007fff20424000 	/usr/lib/system/libsystem_blocks.dylib
0x00007fff205c1000 	/usr/lib/system/libsystem_c.dylib
0x00007fff2a8af000 	/usr/lib/system/libsystem_collections.dylib
0x00007fff29359000 	/usr/lib/system/libsystem_configuration.dylib
0x00007fff28645000 	/usr/lib/system/libsystem_containermanager.dylib
0x00007fff2a5fe000 	/usr/lib/system/libsystem_coreservices.dylib
0x00007fff22b34000 	/usr/lib/system/libsystem_darwin.dylib
0x00007fff2a8b9000 	/usr/lib/system/libsystem_dnssd.dylib
0x00007fff205be000 	/usr/lib/system/libsystem_featureflags.dylib
0x00007fff20738000 	/usr/lib/system/libsystem_info.dylib
0x00007fff2a812000 	/usr/lib/system/libsystem_m.dylib
0x00007fff20512000 	/usr/lib/system/libsystem_malloc.dylib
0x00007fff24eeb000 	/usr/lib/system/libsystem_networkextension.dylib
0x00007fff22f53000 	/usr/lib/system/libsystem_notify.dylib
0x00007fff30163000 	/usr/lib/system/libsystem_product_info_filter.dylib
0x00007fff2935d000 	/usr/lib/system/libsystem_sandbox.dylib
0x00007fff2a8b2000 	/usr/lib/system/libsystem_secinit.dylib
0x00007fff206b6000 	/usr/lib/system/libsystem_kernel.dylib
0x00007fff2072e000 	/usr/lib/system/libsystem_platform.dylib
0x00007fff206e6000 	/usr/lib/system/libsystem_pthread.dylib
0x00007fff26636000 	/usr/lib/system/libsystem_symptoms.dylib
0x00007fff2045c000 	/usr/lib/system/libsystem_trace.dylib
0x00007fff2a889000 	/usr/lib/system/libunwind.dylib
0x00007fff20426000 	/usr/lib/system/libxpc.dylib
0x00007fff206a0000 	/usr/lib/libc++abi.dylib
0x00007fff2a894000 	/usr/lib/liboah.dylib
0x00007fff2af52000 	/usr/lib/liblzma.5.dylib
0x00007fff21228000 	/System/Library/Frameworks/SystemConfiguration.framework/Versions/A/SystemConfiguration
0x00007fff2a8c9000 	/usr/lib/libfakelink.dylib
0x00007fff24a4c000 	/System/Library/Frameworks/CFNetwork.framework/Versions/A/CFNetwork
0x00007fff2aa09000 	/usr/lib/libarchive.2.dylib
0x00007fff212a6000 	/usr/lib/libCRFSuite.dylib
0x00007fff2a07a000 	/usr/lib/libbsm.0.dylib
0x00007fff243c5000 	/usr/lib/libnetwork.dylib
0x00007fff2a8ce000 	/usr/lib/libpcap.A.dylib
0x00007fff2662f000 	/usr/lib/libdns_services.dylib
0x00007fff2af6b000 	/usr/lib/libcoretls_cfhelpers.dylib
0x00007fff2ab08000 	/usr/lib/libapple_nghttp2.dylib
0x00007fff2a861000 	/usr/lib/system/libkxld.dylib
0x00007fff262a8000 	/usr/lib/libsqlite3.dylib
0x00007fff2a5e1000 	/System/Library/PrivateFrameworks/AppleFSCompression.framework/Versions/A/AppleFSCompression
0x00007fff2a062000 	/usr/lib/libcoretls.dylib
0x00007fff2ab39000 	/usr/lib/libpam.2.dylib
0x00007fff2b069000 	/usr/lib/libxar.1.dylib
0x00007fff29364000 	/System/Library/PrivateFrameworks/AppleSystemInfo.framework/Versions/A/AppleSystemInfo
0x00007fff29ca4000 	/System/Library/PrivateFrameworks/IOMobileFramebuffer.framework/Versions/A/IOMobileFramebuffer
0x00007fff2a5f1000 	/usr/lib/libbz2.1.0.dylib
0x00007fff2a906000 	/usr/lib/libiconv.2.dylib
0x00007fff2a85a000 	/usr/lib/libcharset.1.dylib
0x00007fff274dd000 	/System/Library/Frameworks/CoreServices.framework/Versions/A/Frameworks/FSEvents.framework/Versions/A/FSEvents
0x00007fff22b3e000 	/System/Library/Frameworks/CoreServices.framework/Versions/A/Frameworks/CarbonCore.framework/Versions/A/CarbonCore
0x00007fff2684a000 	/System/Library/Frameworks/CoreServices.framework/Versions/A/Frameworks/Metadata.framework/Versions/A/Metadata
0x00007fff2a603000 	/System/Library/Frameworks/CoreServices.framework/Versions/A/Frameworks/OSServices.framework/Versions/A/OSServices
0x00007fff2aa7b000 	/System/Library/Frameworks/CoreServices.framework/Versions/A/Frameworks/SearchKit.framework/Versions/A/SearchKit
0x00007fff265ba000 	/System/Library/Frameworks/CoreServices.framework/Versions/A/Frameworks/AE.framework/Versions/A/AE
0x00007fff20c02000 	/System/Library/Frameworks/CoreServices.framework/Versions/A/Frameworks/LaunchServices.framework/Versions/A/LaunchServices
0x00007fff2af02000 	/System/Library/Frameworks/CoreServices.framework/Versions/A/Frameworks/DictionaryServices.framework/Versions/A/DictionaryServices
0x00007fff274ea000 	/System/Library/Frameworks/CoreServices.framework/Versions/A/Frameworks/SharedFileList.framework/Versions/A/SharedFileList
0x00007fff2a056000 	/usr/lib/libCheckFix.dylib
0x00007fff24f6f000 	/System/Library/PrivateFrameworks/TCC.framework/Versions/A/TCC
0x00007fff2936a000 	/System/Library/PrivateFrameworks/CoreNLP.framework/Versions/A/CoreNLP
0x00007fff267fd000 	/System/Library/PrivateFrameworks/MetadataUtilities.framework/Versions/A/MetadataUtilities
0x00007fff212db000 	/usr/lib/libmecabra.dylib
0x00007fff2a360000 	/System/Library/Frameworks/MLCompute.framework/Versions/A/MLCompute
0x00007fff2a08b000 	/usr/lib/libmecab.dylib
0x00007fff2a0d5000 	/usr/lib/libgermantok.dylib
0x00007fff2aae3000 	/usr/lib/libThaiTokenizer.dylib
0x00007fff2b0a5000 	/usr/lib/libChineseTokenizer.dylib
0x00007fff2ab37000 	/System/Library/Frameworks/MetalPerformanceShaders.framework/Versions/A/MetalPerformanceShaders
0x00007fff268ec000 	/System/Library/Frameworks/Accelerate.framework/Versions/A/Frameworks/vImage.framework/Versions/A/vImage
0x00007fff3023b000 	/System/Library/Frameworks/Accelerate.framework/Versions/A/Frameworks/vecLib.framework/Versions/A/vecLib
0x00007fff2b0b0000 	/System/Library/Frameworks/Accelerate.framework/Versions/A/Frameworks/vecLib.framework/Versions/A/libvMisc.dylib
0x00007fff29abf000 	/System/Library/Frameworks/Accelerate.framework/Versions/A/Frameworks/vecLib.framework/Versions/A/libvDSP.dylib
0x00007fff20f0e000 	/System/Library/Frameworks/Accelerate.framework/Versions/A/Frameworks/vecLib.framework/Versions/A/libBLAS.dylib
0x00007fff2ab64000 	/System/Library/Frameworks/Accelerate.framework/Versions/A/Frameworks/vecLib.framework/Versions/A/libLAPACK.dylib
0x00007fff2a0db000 	/System/Library/Frameworks/Accelerate.framework/Versions/A/Frameworks/vecLib.framework/Versions/A/libLinearAlgebra.dylib
0x00007fff2ab20000 	/System/Library/Frameworks/Accelerate.framework/Versions/A/Frameworks/vecLib.framework/Versions/A/libSparseBLAS.dylib
0x00007fff2ab5e000 	/System/Library/Frameworks/Accelerate.framework/Versions/A/Frameworks/vecLib.framework/Versions/A/libQuadrature.dylib
0x00007fff29416000 	/System/Library/Frameworks/Accelerate.framework/Versions/A/Frameworks/vecLib.framework/Versions/A/libBNNS.dylib
0x00007fff211b9000 	/System/Library/Frameworks/Accelerate.framework/Versions/A/Frameworks/vecLib.framework/Versions/A/libSparse.dylib
0x00007fff292f2000 	/System/Library/Frameworks/MetalPerformanceShaders.framework/Versions/A/Frameworks/MPSCore.framework/Versions/A/MPSCore
0x00007fff2a550000 	/System/Library/Frameworks/MetalPerformanceShaders.framework/Versions/A/Frameworks/MPSImage.framework/Versions/A/MPSImage
0x00007fff2a0f1000 	/System/Library/Frameworks/MetalPerformanceShaders.framework/Versions/A/Frameworks/MPSNeuralNetwork.framework/Versions/A/MPSNeuralNetwork
0x00007fff2a4c2000 	/System/Library/Frameworks/MetalPerformanceShaders.framework/Versions/A/Frameworks/MPSMatrix.framework/Versions/A/MPSMatrix
0x00007fff2a310000 	/System/Library/Frameworks/MetalPerformanceShaders.framework/Versions/A/Frameworks/MPSRayIntersector.framework/Versions/A/MPSRayIntersector
0x00007fff2a4f9000 	/System/Library/Frameworks/MetalPerformanceShaders.framework/Versions/A/Frameworks/MPSNDArray.framework/Versions/A/MPSNDArray
0x00007fff20e39000 	/System/Library/PrivateFrameworks/MetalTools.framework/Versions/A/MetalTools
0x00007fff29362000 	/System/Library/PrivateFrameworks/AggregateDictionary.framework/Versions/A/AggregateDictionary
0x00007fff267ca000 	/System/Library/PrivateFrameworks/CoreAnalytics.framework/Versions/A/CoreAnalytics
0x00007fff2aae5000 	/System/Library/PrivateFrameworks/AppleSauce.framework/Versions/A/AppleSauce
0x00007fff28668000 	/System/Library/PrivateFrameworks/IOAccelerator.framework/Versions/A/IOAccelerator
0x00007fff6bbcc000 	/System/Library/Frameworks/OpenGL.framework/Versions/A/Libraries/libCoreFSCache.dylib
0x00007fff21873000 	/System/Library/PrivateFrameworks/LanguageModeling.framework/Versions/A/LanguageModeling
0x00007fff29c92000 	/System/Library/PrivateFrameworks/CoreEmoji.framework/Versions/A/CoreEmoji
0x00007fff2940f000 	/System/Library/PrivateFrameworks/LinguisticData.framework/Versions/A/LinguisticData
0x00007fff2116b000 	/System/Library/PrivateFrameworks/Lexicon.framework/Versions/A/Lexicon
0x00007fff2a9f7000 	/usr/lib/libcmph.dylib
0x00007fff274bd000 	/System/Library/Frameworks/OpenDirectory.framework/Versions/A/Frameworks/CFOpenDirectory.framework/Versions/A/CFOpenDirectory
0x00007fff274ad000 	/System/Library/Frameworks/OpenDirectory.framework/Versions/A/OpenDirectory
0x00007fff2af6d000 	/System/Library/PrivateFrameworks/APFS.framework/Versions/A/APFS
0x00007fff29fb8000 	/System/Library/Frameworks/SecurityFoundation.framework/Versions/A/SecurityFoundation
0x00007fff2b078000 	/usr/lib/libutil.dylib
0x00007fff22e69000 	/System/Library/PrivateFrameworks/CoreServicesStore.framework/Versions/A/CoreServicesStore
0x00007fff2a04e000 	/System/Library/Frameworks/ServiceManagement.framework/Versions/A/ServiceManagement
0x00007fff2b07c000 	/usr/lib/libxslt.1.dylib
0x00007fff2a044000 	/System/Library/PrivateFrameworks/BackgroundTaskManagement.framework/Versions/A/BackgroundTaskManagement
0x00007fff2c030000 	/System/Library/Frameworks/ImageIO.framework/Versions/A/Resources/libRadiance.dylib
0x00007fff2c03a000 	/System/Library/Frameworks/ImageIO.framework/Versions/A/Resources/libJPEG.dylib
0x00007fff2bf8a000 	/System/Library/Frameworks/ImageIO.framework/Versions/A/Resources/libPng.dylib
0x00007fff2bfab000 	/System/Library/Frameworks/ImageIO.framework/Versions/A/Resources/libTIFF.dylib
0x00007fff2c08f000 	/System/Library/Frameworks/ImageIO.framework/Versions/A/Resources/libGIF.dylib
0x00007fff2bcdc000 	/System/Library/Frameworks/ImageIO.framework/Versions/A/Resources/libJP2.dylib
0x00007fff2b3f7000 	/usr/lib/libexpat.1.dylib
0x00007fff2bc92000 	/System/Library/PrivateFrameworks/AppleJPEG.framework/Versions/A/AppleJPEG
0x00007fff2889e000 	/System/Library/PrivateFrameworks/FontServices.framework/libFontParser.dylib
0x00007fff26571000 	/System/Library/PrivateFrameworks/RunningBoardServices.framework/Versions/A/RunningBoardServices
0x00007fff2bdbc000 	/System/Library/PrivateFrameworks/WatchdogClient.framework/Versions/A/WatchdogClient
0x00007fff2195c000 	/System/Library/Frameworks/CoreDisplay.framework/Versions/A/CoreDisplay
0x00007fff287b3000 	/System/Library/Frameworks/CoreMedia.framework/Versions/A/CoreMedia
0x00007fff2763d000 	/System/Library/Frameworks/CoreVideo.framework/Versions/A/CoreVideo
0x00007fff2bdf7000 	/System/Library/Frameworks/VideoToolbox.framework/Versions/A/VideoToolbox
0x00007fff264f1000 	/System/Library/PrivateFrameworks/BaseBoard.framework/Versions/A/BaseBoard
0x00007fff2b53c000 	/System/Library/PrivateFrameworks/PersistentConnection.framework/Versions/A/PersistentConnection
0x00007fff26292000 	/System/Library/PrivateFrameworks/ProtocolBuffer.framework/Versions/A/ProtocolBuffer
0x00007fff264d9000 	/System/Library/PrivateFrameworks/CommonUtilities.framework/Versions/A/CommonUtilities
0x00007fff2bc55000 	/System/Library/PrivateFrameworks/Bom.framework/Versions/A/Bom
0x00007fff2c028000 	/System/Library/PrivateFrameworks/GPUWrangler.framework/Versions/A/GPUWrangler
0x00007fff2c00b000 	/System/Library/PrivateFrameworks/IOPresentment.framework/Versions/A/IOPresentment
0x00007fff2c034000 	/System/Library/PrivateFrameworks/DSExternalDisplay.framework/Versions/A/DSExternalDisplay
0x00007fff2c094000 	/System/Library/PrivateFrameworks/CMCaptureCore.framework/Versions/A/CMCaptureCore
0x00007fff2b9d8000 	/System/Library/PrivateFrameworks/AppServerSupport.framework/Versions/A/AppServerSupport
0x00007fff2da6f000 	/System/Library/PrivateFrameworks/perfdata.framework/Versions/A/perfdata
0x00007fff29fa7000 	/System/Library/PrivateFrameworks/AssertionServices.framework/Versions/A/AssertionServices
0x00007fff21a93000 	/System/Library/PrivateFrameworks/AudioToolboxCore.framework/Versions/A/AudioToolboxCore
0x00007fff28796000 	/System/Library/PrivateFrameworks/caulk.framework/Versions/A/caulk
0x00007fff3cf16000 	/System/Library/PrivateFrameworks/SystemPolicy.framework/Versions/A/SystemPolicy
0x00007fff2b206000 	/usr/lib/libIOReport.dylib
0x00007fff2d2ab000 	/usr/lib/libSMC.dylib
0x00007fff2bf56000 	/usr/lib/libAudioToolboxUtility.dylib
0x00007fff3d873000 	/usr/lib/libmis.dylib
0x00007fff6bc28000 	/System/Library/Frameworks/OpenGL.framework/Versions/A/Libraries/libGLU.dylib
0x00007fff6bbeb000 	/System/Library/Frameworks/OpenGL.framework/Versions/A/Libraries/libGFXShared.dylib
0x00007fff6bdf9000 	/System/Library/Frameworks/OpenGL.framework/Versions/A/Libraries/libGL.dylib
0x00007fff6bbf4000 	/System/Library/Frameworks/OpenGL.framework/Versions/A/Libraries/libGLImage.dylib
0x00007fff6bbe8000 	/System/Library/Frameworks/OpenGL.framework/Versions/A/Libraries/libCVMSPluginSupport.dylib
0x00007fff6bbd3000 	/System/Library/Frameworks/OpenGL.framework/Versions/A/Libraries/libCoreVMClient.dylib
0x00007fff6d243000 	/System/Library/Frameworks/OpenCL.framework/Versions/A/OpenCL
0x00007fff2b565000 	/System/Library/PrivateFrameworks/GraphVisualizer.framework/Versions/A/GraphVisualizer
0x00007fff2b574000 	/System/Library/PrivateFrameworks/FaceCore.framework/Versions/A/FaceCore
0x00007fff2b990000 	/System/Library/PrivateFrameworks/OTSVG.framework/Versions/A/OTSVG
0x00007fff27232000 	/System/Library/Frameworks/ApplicationServices.framework/Versions/A/Frameworks/ATS.framework/Versions/A/Resources/libFontRegistry.dylib
0x00007fff2b9df000 	/System/Library/PrivateFrameworks/FontServices.framework/libhvf.dylib
0x00007fff2b3a3000 	/System/Library/PrivateFrameworks/AppleVA.framework/Versions/A/AppleVA
0x00007fff2d0f3000 	/System/Library/Frameworks/ApplicationServices.framework/Versions/A/Frameworks/ATS.framework/Versions/A/ATS
0x00007fff2d406000 	/System/Library/Frameworks/ApplicationServices.framework/Versions/A/Frameworks/ColorSyncLegacy.framework/Versions/A/ColorSyncLegacy
0x00007fff25a70000 	/System/Library/Frameworks/ApplicationServices.framework/Versions/A/Frameworks/HIServices.framework/Versions/A/HIServices
0x00007fff2d3eb000 	/System/Library/Frameworks/ApplicationServices.framework/Versions/A/Frameworks/LangAnalysis.framework/Versions/A/LangAnalysis
0x00007fff2c09e000 	/System/Library/Frameworks/ApplicationServices.framework/Versions/A/Frameworks/PrintCore.framework/Versions/A/PrintCore
0x00007fff2d40e000 	/System/Library/Frameworks/ApplicationServices.framework/Versions/A/Frameworks/QD.framework/Versions/A/QD
0x00007fff2d0e3000 	/System/Library/Frameworks/ApplicationServices.framework/Versions/A/Frameworks/SpeechSynthesis.framework/Versions/A/SpeechSynthesis
0x00007fff2c05f000 	/System/Library/Frameworks/ApplicationServices.framework/Versions/A/Frameworks/ATSUI.framework/Versions/A/ATSUI
0x00007fff2d38b000 	/usr/lib/libcups.2.dylib
0x00007fff2d3fb000 	/System/Library/PrivateFrameworks/NetAuth.framework/Versions/A/NetAuth
0x00007fff2da8a000 	/System/Library/Frameworks/Kerberos.framework/Versions/A/Kerberos
0x00007fff2da9a000 	/System/Library/Frameworks/GSS.framework/Versions/A/GSS
0x00007fff2d160000 	/usr/lib/libresolv.9.dylib
0x00007fff2b9f5000 	/System/Library/PrivateFrameworks/Heimdal.framework/Versions/A/Heimdal
0x00007fff33751000 	/System/Library/Frameworks/Kerberos.framework/Versions/A/Libraries/libHeimdalProxy.dylib
0x00007fff2663e000 	/System/Library/Frameworks/Network.framework/Versions/A/Network
0x00007fff2b411000 	/usr/lib/libheimdal-asn1.dylib
0x00007fff2daeb000 	/System/Library/PrivateFrameworks/CommonAuth.framework/Versions/A/CommonAuth
0x00007fff2768b000 	/System/Library/PrivateFrameworks/login.framework/Versions/A/Frameworks/loginsupport.framework/Versions/A/loginsupport
0x00007fff2d06a000 	/System/Library/PrivateFrameworks/AudioSession.framework/Versions/A/AudioSession
0x00007fff2d0d0000 	/usr/lib/libAudioStatistics.dylib
0x00007fff2b49d000 	/System/Library/PrivateFrameworks/MediaExperience.framework/Versions/A/MediaExperience
0x00007fff2cf03000 	/System/Library/PrivateFrameworks/AudioSession.framework/libSessionUtility.dylib
0x00007fff2da7b000 	/usr/lib/libperfcheck.dylib
0x00007fff2d41a000 	/System/Library/PrivateFrameworks/AudioResourceArbitration.framework/Versions/A/AudioResourceArbitration
0x00007fff2b41b000 	/System/Library/PrivateFrameworks/IconFoundation.framework/Versions/A/IconFoundation
0x00007fff2ff1e000 	/System/Library/PrivateFrameworks/SpeechRecognitionCore.framework/Versions/A/SpeechRecognitionCore
0x0000000107800000 	/Library/Java/JavaVirtualMachines/openlogic-openjdk-11.jdk/Contents/Home/lib/server/libjvm.dylib
0x000000010377c000 	/Library/Java/JavaVirtualMachines/openlogic-openjdk-11.jdk/Contents/Home/lib/libverify.dylib
0x000000010378d000 	/Library/Java/JavaVirtualMachines/openlogic-openjdk-11.jdk/Contents/Home/lib/libjava.dylib
0x00000001037b9000 	/Library/Java/JavaVirtualMachines/openlogic-openjdk-11.jdk/Contents/Home/lib/libjimage.dylib
0x00000001037cd000 	/Library/Java/JavaVirtualMachines/openlogic-openjdk-11.jdk/Contents/Home/lib/libzip.dylib
0x000000010bbf8000 	/Library/Java/JavaVirtualMachines/openlogic-openjdk-11.jdk/Contents/Home/lib/libnio.dylib
0x000000010bc0b000 	/Library/Java/JavaVirtualMachines/openlogic-openjdk-11.jdk/Contents/Home/lib/libnet.dylib


VM Arguments:
jvm_args: -Dfile.encoding=UTF-8 
java_command: org.apache.catalina.startup.Tomcat$1
java_class_path (initial): /Users/kushalshrestha/eclipse-workspace/PracticeDay/build/classes:/Users/kushalshrestha/Downloads/apache-tomcat-8.5.81/lib/tomcat-i18n-ko.jar:/Users/kushalshrestha/Downloads/apache-tomcat-8.5.81/lib/el-api.jar:/Users/kushalshrestha/Downloads/apache-tomcat-8.5.81/lib/tomcat-i18n-es.jar:/Users/kushalshrestha/Downloads/apache-tomcat-8.5.81/lib/tomcat-websocket.jar:/Users/kushalshrestha/Downloads/apache-tomcat-8.5.81/lib/jasper.jar:/Users/kushalshrestha/Downloads/apache-tomcat-8.5.81/lib/jasper-el.jar:/Users/kushalshrestha/Downloads/apache-tomcat-8.5.81/lib/tomcat-util.jar:/Users/kushalshrestha/Downloads/apache-tomcat-8.5.81/lib/tomcat-i18n-de.jar:/Users/kushalshrestha/Downloads/apache-tomcat-8.5.81/lib/catalina-storeconfig.jar:/Users/kushalshrestha/Downloads/apache-tomcat-8.5.81/lib/jsp-api.jar:/Users/kushalshrestha/Downloads/apache-tomcat-8.5.81/lib/catalina-tribes.jar:/Users/kushalshrestha/Downloads/apache-tomcat-8.5.81/lib/catalina.jar:/Users/kushalshrestha/Downloads/apache-tomcat-8.5.81/lib/tomcat-jni.jar:/Users/kushalshrestha/Downloads/apache-tomcat-8.5.81/lib/websocket-api.jar:/Users/kushalshrestha/Downloads/apache-tomcat-8.5.81/lib/tomcat-coyote.jar:/Users/kushalshrestha/Downloads/apache-tomcat-8.5.81/lib/catalina-ha.jar:/Users/kushalshrestha/Downloads/apache-tomcat-8.5.81/lib/tomcat-api.jar:/Users/kushalshrestha/Downloads/apache-tomcat-8.5.81/lib/annotations-api.jar:/Users/kushalshrestha/Downloads/apache-tomcat-8.5.81/lib/jaspic-api.jar:/Users/kushalshrestha/Downloads/apache-tomcat-8.5.81/lib/tomcat-i18n-zh-CN.jar:/Users/kushalshrestha/Downloads/apache-tomcat-8.5.81/lib/catalina-ant.jar:/Users/kushalshrestha/Downloads/apache-tomcat-8.5.81/lib/ecj-4.6.3.jar:/Users/kushalshrestha/Downloads/apache-tomcat-8.5.81/lib/servlet-api.jar:/Users/kushalshrestha/Downloads/apache-tomcat-8.5.81/lib/tomcat-util-scan.jar:/Users/kushalshrestha/Downloads/apache-tomcat-8.5.81/lib/tomcat-i18n-ja.jar:/Users/kushalshrestha/Downloads/apache-tomcat-8.5.81/l
Launcher Type: SUN_STANDARD

[Global flags]
     intx CICompilerCount                          = 4                                         {product} {ergonomic}
     uint ConcGCThreads                            = 2                                         {product} {ergonomic}
     uint G1ConcRefinementThreads                  = 8                                         {product} {ergonomic}
   size_t G1HeapRegionSize                         = 1048576                                   {product} {ergonomic}
    uintx GCDrainStackTargetSize                   = 64                                        {product} {ergonomic}
   size_t InitialHeapSize                          = 134217728                                 {product} {ergonomic}
   size_t MarkStackSize                            = 4194304                                   {product} {ergonomic}
   size_t MaxHeapSize                              = 2147483648                                {product} {ergonomic}
   size_t MaxNewSize                               = 1287651328                                {product} {ergonomic}
   size_t MinHeapDeltaBytes                        = 1048576                                   {product} {ergonomic}
    uintx NonNMethodCodeHeapSize                   = 5836300                                {pd product} {ergonomic}
    uintx NonProfiledCodeHeapSize                  = 122910970                              {pd product} {ergonomic}
    uintx ProfiledCodeHeapSize                     = 122910970                              {pd product} {ergonomic}
    uintx ReservedCodeCacheSize                    = 251658240                              {pd product} {ergonomic}
     bool SegmentedCodeCache                       = true                                      {product} {ergonomic}
     bool UseCompressedClassPointers               = true                                 {lp64_product} {ergonomic}
     bool UseCompressedOops                        = true                                 {lp64_product} {ergonomic}
     bool UseG1GC                                  = true                                      {product} {ergonomic}

Logging:
Log output configuration:
 #0: stdout all=warning uptime,level,tags
 #1: stderr all=off uptime,level,tags

Environment Variables:
PATH=/usr/bin:/bin:/usr/sbin:/sbin
SHELL=/bin/zsh

Signal Handlers:
SIGSEGV: [libjvm.dylib+0x7468ac], sa_mask[0]=11111111011111110111111111111111, sa_flags=SA_ONSTACK|SA_RESTART|SA_SIGINFO
SIGBUS: [libjvm.dylib+0x7468ac], sa_mask[0]=11111111011111110111111111111111, sa_flags=SA_RESTART|SA_SIGINFO
SIGFPE: [libjvm.dylib+0x7468ac], sa_mask[0]=11111111011111110111111111111111, sa_flags=SA_RESTART|SA_SIGINFO
SIGPIPE: [libjvm.dylib+0x5f6b37], sa_mask[0]=11111111011111110111111111111111, sa_flags=SA_RESTART|SA_SIGINFO
SIGXFSZ: [libjvm.dylib+0x5f6b37], sa_mask[0]=11111111011111110111111111111111, sa_flags=SA_RESTART|SA_SIGINFO
SIGILL: [libjvm.dylib+0x7468ac], sa_mask[0]=11111111011111110111111111111111, sa_flags=SA_RESTART|SA_SIGINFO
SIGUSR2: [libjvm.dylib+0x5f7121], sa_mask[0]=00100000000000000000000000000000, sa_flags=SA_RESTART|SA_SIGINFO
SIGHUP: [libjvm.dylib+0x5f5c51], sa_mask[0]=11111111011111110111111111111111, sa_flags=SA_RESTART|SA_SIGINFO
SIGINT: [libjvm.dylib+0x5f5c51], sa_mask[0]=11111111011111110111111111111111, sa_flags=SA_RESTART|SA_SIGINFO
SIGTERM: [libjvm.dylib+0x5f5c51], sa_mask[0]=11111111011111110111111111111111, sa_flags=SA_RESTART|SA_SIGINFO
SIGQUIT: [libjvm.dylib+0x5f5c51], sa_mask[0]=11111111011111110111111111111111, sa_flags=SA_RESTART|SA_SIGINFO


---------------  S Y S T E M  ---------------

OS:uname:Darwin 20.6.0 Darwin Kernel Version 20.6.0: Tue Jun 21 20:50:28 PDT 2022; root:xnu-7195.141.32~1/RELEASE_X86_64 x86_64
OS uptime: 1 days 1:22 hours
rlimit (soft/hard): STACK 8192k/65532k , CORE 0k/infinity , NPROC 1392/2088 , NOFILE 10240/infinity , AS infinity/infinity , CPU infinity/infinity , DATA infinity/infinity , FSIZE infinity/infinity , MEMLOCK infinity/infinity , RSS infinity/infinity
load average:12.41 7.11 5.87

CPU:total 8 (initial active 8) (4 cores per cpu, 2 threads per core) family 6 model 142 stepping 10, cmov, cx8, fxsr, mmx, sse, sse2, sse3, ssse3, sse4.1, sse4.2, popcnt, avx, avx2, aes, clmul, erms, 3dnowpref, lzcnt, ht, tsc, tscinvbit, bmi1, bmi2, adx, fma

Memory: 4k page, physical 8388608k(58160k free), swap 3145728k(871936k free)

vm_info: OpenJDK 64-Bit Server VM (11.0.8+10-adhoc.admin.jdk11u) for bsd-amd64 JRE (11.0.8+10-adhoc.admin.jdk11u), built on Aug  1 2020 14:08:07 by "admin" with gcc 4.2.1 Compatible Apple LLVM 10.0.0 (clang-1000.11.45.5)

END.
